Base path: C:/Program Files/Unity/Editor/Data
Cmd: initializeCompiler
Cmd: preprocess
  insize=1224 outsize=330 ok=1
Cmd: preprocess
  insize=2349 outsize=1144 ok=1
Cmd: preprocess
  insize=1158 outsize=309 ok=1
Cmd: preprocess
  insize=2238 outsize=1091 ok=1
Cmd: preprocess
  insize=1158 outsize=309 ok=1
Cmd: preprocess
  insize=2238 outsize=1091 ok=1
Cmd: preprocess
  insize=1158 outsize=309 ok=1
Cmd: preprocess
  insize=2238 outsize=1091 ok=1
Cmd: compileSnippet
  api=4 type=0 insize=18395 outsize=1258 kw=SHADOWS_SPLIT_SPHERES pd=UNITY_ENABLE_REFLECTION_BUFFERS UNITY_USE_DITHER_MASK_FOR_ALPHABLENDED_SHADOWS UNITY_PBS_USE_BRDF1 UNITY_SPECCUBE_BOX_PROJECTION UNITY_SPECCUBE_BLENDING UNITY_ENABLE_DETAIL_NORMALMAP SHADER_API_DESKTOP UNITY_COLORSPACE_GAMMA ok=1
Cmd: compileSnippet
  api=4 type=1 insize=18395 outsize=4218 kw=SHADOWS_SPLIT_SPHERES pd=UNITY_ENABLE_REFLECTION_BUFFERS UNITY_USE_DITHER_MASK_FOR_ALPHABLENDED_SHADOWS UNITY_PBS_USE_BRDF1 UNITY_SPECCUBE_BOX_PROJECTION UNITY_SPECCUBE_BLENDING UNITY_ENABLE_DETAIL_NORMALMAP SHADER_API_DESKTOP UNITY_COLORSPACE_GAMMA ok=1
Cmd: preprocess
  insize=1158 outsize=309 ok=1
Cmd: preprocess
  insize=2238 outsize=1091 ok=1
